TN:
SF:src\index.js
FN:14,pregunta
FN:15,(anonymous_1)
FN:16,(anonymous_2)
FN:22,mostrarBanner
FN:30,mostrarMenu
FN:39,obtenerDatosSimple
FN:59,obtenerDatosCompuesto
FN:85,mostrarResultadoSimple
FN:114,mostrarResultadoCompuesto
FN:152,main
FNF:10
FNH:0
FNDA:0,pregunta
FNDA:0,(anonymous_1)
FNDA:0,(anonymous_2)
FNDA:0,mostrarBanner
FNDA:0,mostrarMenu
FNDA:0,obtenerDatosSimple
FNDA:0,obtenerDatosCompuesto
FNDA:0,mostrarResultadoSimple
FNDA:0,mostrarResultadoCompuesto
FNDA:0,main
DA:1,0
DA:2,0
DA:3,0
DA:9,0
DA:15,0
DA:16,0
DA:17,0
DA:23,0
DA:24,0
DA:25,0
DA:26,0
DA:27,0
DA:31,0
DA:32,0
DA:33,0
DA:34,0
DA:35,0
DA:36,0
DA:40,0
DA:41,0
DA:42,0
DA:43,0
DA:45,0
DA:46,0
DA:47,0
DA:49,0
DA:50,0
DA:51,0
DA:52,0
DA:55,0
DA:56,0
DA:60,0
DA:61,0
DA:62,0
DA:63,0
DA:64,0
DA:65,0
DA:66,0
DA:67,0
DA:68,0
DA:70,0
DA:71,0
DA:72,0
DA:73,0
DA:75,0
DA:76,0
DA:77,0
DA:78,0
DA:81,0
DA:82,0
DA:86,0
DA:88,0
DA:89,0
DA:90,0
DA:92,0
DA:93,0
DA:94,0
DA:95,0
DA:96,0
DA:97,0
DA:98,0
DA:99,0
DA:100,0
DA:101,0
DA:102,0
DA:103,0
DA:104,0
DA:105,0
DA:106,0
DA:107,0
DA:109,0
DA:110,0
DA:115,0
DA:117,0
DA:118,0
DA:119,0
DA:121,0
DA:127,0
DA:129,0
DA:130,0
DA:131,0
DA:132,0
DA:133,0
DA:134,0
DA:135,0
DA:136,0
DA:137,0
DA:138,0
DA:139,0
DA:140,0
DA:141,0
DA:142,0
DA:143,0
DA:144,0
DA:145,0
DA:147,0
DA:148,0
DA:153,0
DA:155,0
DA:157,0
DA:158,0
DA:160,0
DA:162,0
DA:164,0
DA:165,0
DA:166,0
DA:167,0
DA:168,0
DA:170,0
DA:174,0
DA:175,0
DA:176,0
DA:177,0
DA:178,0
DA:180,0
DA:184,0
DA:185,0
DA:186,0
DA:187,0
DA:190,0
DA:191,0
DA:192,0
DA:196,0
DA:199,0
LF:124
LH:0
BRDA:49,0,0,0
BRDA:49,0,1,0
BRDA:49,1,0,0
BRDA:49,1,1,0
BRDA:49,1,2,0
BRDA:73,2,0,0
BRDA:73,2,1,0
BRDA:75,3,0,0
BRDA:75,3,1,0
BRDA:75,4,0,0
BRDA:75,4,1,0
BRDA:75,4,2,0
BRDA:127,5,0,0
BRDA:127,5,1,0
BRDA:162,6,0,0
BRDA:162,6,1,0
BRDA:162,6,2,0
BRDA:162,6,3,0
BRDA:167,7,0,0
BRDA:167,7,1,0
BRDA:177,8,0,0
BRDA:177,8,1,0
BRF:22
BRH:0
end_of_record
TN:
SF:src\interesCompuesto.js
FN:12,calcularInteresCompuesto
FN:29,calcularGananciaCompuesta
FNF:2
FNH:2
FNDA:13,calcularInteresCompuesto
FNDA:3,calcularGananciaCompuesta
DA:13,13
DA:14,3
DA:17,10
DA:18,10
DA:30,3
DA:31,3
DA:34,1
LF:7
LH:7
BRDA:12,0,0,1
BRDA:13,1,0,3
BRDA:13,1,1,10
BRDA:13,2,0,13
BRDA:13,2,1,12
BRDA:13,2,2,11
BRDA:13,2,3,11
BRDA:29,3,0,0
BRF:8
BRH:7
end_of_record
TN:
SF:src\interesSimple.js
FN:11,calcularInteresSimple
FN:27,calcularMontoTotal
FNF:2
FNH:2
FNDA:11,calcularInteresSimple
FNDA:3,calcularMontoTotal
DA:12,11
DA:13,3
DA:16,8
DA:17,8
DA:28,3
DA:29,3
DA:32,1
LF:7
LH:7
BRDA:12,0,0,3
BRDA:12,0,1,8
BRDA:12,1,0,11
BRDA:12,1,1,10
BRDA:12,1,2,9
BRF:5
BRH:5
end_of_record
