TN:
SF:src\index.js
FN:13,pregunta
FN:14,(anonymous_1)
FN:15,(anonymous_2)
FN:21,mostrarBanner
FN:29,mostrarMenu
FN:38,obtenerDatos
FN:60,mostrarResultadoSimple
FN:89,main
FNF:8
FNH:0
FNDA:0,pregunta
FNDA:0,(anonymous_1)
FNDA:0,(anonymous_2)
FNDA:0,mostrarBanner
FNDA:0,mostrarMenu
FNDA:0,obtenerDatos
FNDA:0,mostrarResultadoSimple
FNDA:0,main
DA:1,0
DA:2,0
DA:8,0
DA:14,0
DA:15,0
DA:16,0
DA:22,0
DA:23,0
DA:24,0
DA:25,0
DA:26,0
DA:30,0
DA:31,0
DA:32,0
DA:33,0
DA:34,0
DA:35,0
DA:39,0
DA:40,0
DA:41,0
DA:42,0
DA:44,0
DA:45,0
DA:46,0
DA:48,0
DA:49,0
DA:50,0
DA:51,0
DA:55,0
DA:57,0
DA:61,0
DA:63,0
DA:64,0
DA:65,0
DA:67,0
DA:68,0
DA:69,0
DA:70,0
DA:71,0
DA:72,0
DA:73,0
DA:74,0
DA:75,0
DA:76,0
DA:77,0
DA:78,0
DA:79,0
DA:80,0
DA:81,0
DA:82,0
DA:84,0
DA:85,0
DA:90,0
DA:92,0
DA:94,0
DA:95,0
DA:97,0
DA:99,0
DA:101,0
DA:102,0
DA:103,0
DA:104,0
DA:105,0
DA:107,0
DA:111,0
DA:112,0
DA:113,0
DA:114,0
DA:115,0
DA:118,0
DA:119,0
DA:120,0
DA:121,0
DA:124,0
DA:125,0
DA:126,0
DA:130,0
DA:133,0
LF:78
LH:0
BRDA:48,0,0,0
BRDA:48,0,1,0
BRDA:48,1,0,0
BRDA:48,1,1,0
BRDA:48,1,2,0
BRDA:99,2,0,0
BRDA:99,2,1,0
BRDA:99,2,2,0
BRDA:99,2,3,0
BRDA:104,3,0,0
BRDA:104,3,1,0
BRF:11
BRH:0
end_of_record
TN:
SF:src\interesSimple.js
FN:11,calcularInteresSimple
FN:27,calcularMontoTotal
FNF:2
FNH:2
FNDA:11,calcularInteresSimple
FNDA:3,calcularMontoTotal
DA:12,11
DA:13,3
DA:16,8
DA:17,8
DA:28,3
DA:29,3
DA:32,1
LF:7
LH:7
BRDA:12,0,0,3
BRDA:12,0,1,8
BRDA:12,1,0,11
BRDA:12,1,1,10
BRDA:12,1,2,9
BRF:5
BRH:5
end_of_record
